<?xml version="1.0" encoding="UTF-8"?>
<!-- Generated by org.testng.reporters.JUnitXMLReporter -->
<testsuite hostname="DESKTOP-9EA7TLF" ignored="0" name="Surefire test" tests="4" failures="0" timestamp="2022-08-18T19:02:31 IST" time="0.116" errors="0">
  <testcase name="tc" time="0.021" classname="com.maventest.Test1"/>
  <testcase name="tc" time="0.0" classname="com.tests.TestClass"/>
  <testcase name="tc2" time="0.002" classname="com.tests.TestClass1"/>
  <testcase name="tc3" time="0.002" classname="com.tests1.TestClass2"/>
</testsuite> <!-- Surefire test -->
